0 info it worked if it ends with ok
1 verbose cli [ 'node', '/usr/local/bin/npm', 'install', 'nacl-js', '--save' ]
2 info using npm@1.4.28
3 info using node@v0.10.32
4 warn package.json testdapp@1.0.0 No description
5 warn package.json testdapp@1.0.0 No repository field.
6 verbose readDependencies using package.json deps
7 verbose cache add [ 'nacl-js', null ]
8 verbose cache add name=undefined spec="nacl-js" args=["nacl-js",null]
9 verbose parsed url { protocol: null,
9 verbose parsed url   slashes: null,
9 verbose parsed url   auth: null,
9 verbose parsed url   host: null,
9 verbose parsed url   port: null,
9 verbose parsed url   hostname: null,
9 verbose parsed url   hash: null,
9 verbose parsed url   search: null,
9 verbose parsed url   query: null,
9 verbose parsed url   pathname: 'nacl-js',
9 verbose parsed url   path: 'nacl-js',
9 verbose parsed url   href: 'nacl-js' }
10 silly lockFile fb5b81b7-nacl-js nacl-js
11 verbose lock nacl-js /Users/borispovod/.npm/fb5b81b7-nacl-js.lock
12 silly lockFile fb5b81b7-nacl-js nacl-js
13 silly lockFile fb5b81b7-nacl-js nacl-js
14 verbose addNamed [ 'nacl-js', '' ]
15 verbose addNamed [ null, '*' ]
16 silly lockFile 0dbcaef2-nacl-js nacl-js@
17 verbose lock nacl-js@ /Users/borispovod/.npm/0dbcaef2-nacl-js.lock
18 silly addNameRange { name: 'nacl-js', range: '*', hasData: false }
19 verbose request where is /nacl-js
20 verbose request registry https://registry.npmjs.org/
21 verbose request id aa203ace657f3fad
22 verbose url raw /nacl-js
23 verbose url resolving [ 'https://registry.npmjs.org/', './nacl-js' ]
24 verbose url resolved https://registry.npmjs.org/nacl-js
25 verbose request where is https://registry.npmjs.org/nacl-js
26 info trying registry request attempt 1 at 08:25:33
27 http GET https://registry.npmjs.org/nacl-js
28 http 404 https://registry.npmjs.org/nacl-js
29 verbose headers { server: 'CouchDB/1.5.0 (Erlang OTP/R16B03)',
29 verbose headers   'content-type': 'application/json',
29 verbose headers   'cache-control': 'max-age=0',
29 verbose headers   'content-length': '51',
29 verbose headers   'accept-ranges': 'bytes',
29 verbose headers   date: 'Sun, 19 Apr 2015 05:25:34 GMT',
29 verbose headers   via: '1.1 varnish',
29 verbose headers   age: '0',
29 verbose headers   connection: 'keep-alive',
29 verbose headers   'x-served-by': 'cache-fra1222-FRA',
29 verbose headers   'x-cache': 'MISS',
29 verbose headers   'x-cache-hits': '0',
29 verbose headers   'x-timer': 'S1429421134.100002,VS0,VE425' }
30 silly registry.get cb [ 404,
30 silly registry.get   { server: 'CouchDB/1.5.0 (Erlang OTP/R16B03)',
30 silly registry.get     'content-type': 'application/json',
30 silly registry.get     'cache-control': 'max-age=0',
30 silly registry.get     'content-length': '51',
30 silly registry.get     'accept-ranges': 'bytes',
30 silly registry.get     date: 'Sun, 19 Apr 2015 05:25:34 GMT',
30 silly registry.get     via: '1.1 varnish',
30 silly registry.get     age: '0',
30 silly registry.get     connection: 'keep-alive',
30 silly registry.get     'x-served-by': 'cache-fra1222-FRA',
30 silly registry.get     'x-cache': 'MISS',
30 silly registry.get     'x-cache-hits': '0',
30 silly registry.get     'x-timer': 'S1429421134.100002,VS0,VE425' } ]
31 silly lockFile 0dbcaef2-nacl-js nacl-js@
32 silly lockFile 0dbcaef2-nacl-js nacl-js@
33 error 404 404 Not Found: nacl-js
33 error 404
33 error 404 'nacl-js' is not in the npm registry.
33 error 404 You should bug the author to publish it
33 error 404 It was specified as a dependency of 'testdapp'
33 error 404
33 error 404 Maybe try 'npm search nacl'
33 error 404
33 error 404 Note that you can also install from a
33 error 404 tarball, folder, or http url, or git url.
34 error System Darwin 14.0.0
35 error command "node" "/usr/local/bin/npm" "install" "nacl-js" "--save"
36 error cwd /Users/borispovod/testdapp
37 error node -v v0.10.32
38 error npm -v 1.4.28
39 error code E404
40 verbose exit [ 1, true ]
